# JRE version: OpenJDK Runtime Environment (11.0.10) (build 11.0.10+0-b96-7249189)
# Java VM: OpenJDK 64-Bit Server VM (11.0.10+0-b96-7249189, mixed mode, tiered, compressed oops, g1 gc, windows-amd64)
Heap:
 garbage-first heap   total 129024K, used 27130K [0x0000000080000000, 0x0000000100000000)
  region size 1024K, 6 young (6144K), 6 survivors (6144K)
 Metaspace       used 44713K, capacity 45723K, committed 45824K, reserved 1097728K
  class space    used 5724K, capacity 6104K, committed 6144K, reserved 1048576K
GC Heap History (18 events):
Event: 1.008 GC heap before
{Heap before GC invocations=0 (full 0):
 garbage-first heap   total 129024K, used 19456K [0x0000000080000000, 0x0000000100000000)
  region size 1024K, 14 young (14336K), 0 survivors (0K)
 Metaspace       used 7459K, capacity 7663K, committed 7936K, reserved 1056768K
  class space    used 685K, capacity 748K, committed 768K, reserved 1048576K
}
Event: 1.013 GC heap after
{Heap after GC invocations=1 (full 0):
 garbage-first heap   total 129024K, used 8077K [0x0000000080000000, 0x0000000100000000)
  region size 1024K, 2 young (2048K), 2 survivors (2048K)
 Metaspace       used 7459K, capacity 7663K, committed 7936K, reserved 1056768K
  class space    used 685K, capacity 748K, committed 768K, reserved 1048576K
}
Event: 1.513 GC heap before
{Heap before GC invocations=1 (full 0):
 garbage-first heap   total 129024K, used 20365K [0x0000000080000000, 0x0000000100000000)
  region size 1024K, 14 young (14336K), 2 survivors (2048K)
 Metaspace       used 10493K, capacity 10693K, committed 11008K, reserved 1058816K
  class space    used 1100K, capacity 1164K, committed 1280K, reserved 1048576K
}
Event: 1.515 GC heap after
{Heap after GC invocations=2 (full 0):
 garbage-first heap   total 129024K, used 8890K [0x0000000080000000, 0x0000000100000000)
  region size 1024K, 1 young (1024K), 1 survivors (1024K)
 Metaspace       used 10493K, capacity 10693K, committed 11008K, reserved 1058816K
  class space    used 1100K, capacity 1164K, committed 1280K, reserved 1048576K
}
Event: 2.089 GC heap before
{Heap before GC invocations=2 (full 0):
 garbage-first heap   total 129024K, used 37562K [0x0000000080000000, 0x0000000100000000)
  region size 1024K, 30 young (30720K), 1 survivors (1024K)
 Metaspace       used 10677K, capacity 10917K, committed 11008K, reserved 1058816K
  class space    used 1107K, capacity 1196K, committed 1280K, reserved 1048576K
}
Event: 2.093 GC heap after
{Heap after GC invocations=3 (full 0):
 garbage-first heap   total 129024K, used 13413K [0x0000000080000000, 0x0000000100000000)
  region size 1024K, 4 young (4096K), 4 survivors (4096K)
 Metaspace       used 10677K, capacity 10917K, committed 11008K, reserved 1058816K
  class space    used 1107K, capacity 1196K, committed 1280K, reserved 1048576K
}
Event: 4.201 GC heap before
{Heap before GC invocations=3 (full 0):
 garbage-first heap   total 129024K, used 56421K [0x0000000080000000, 0x0000000100000000)
  region size 1024K, 46 young (47104K), 4 survivors (4096K)
 Metaspace       used 19055K, capacity 19454K, committed 19712K, reserved 1067008K
  class space    used 2320K, capacity 2457K, committed 2560K, reserved 1048576K
}
Event: 4.226 GC heap after
{Heap after GC invocations=4 (full 0):
 garbage-first heap   total 129024K, used 16138K [0x0000000080000000, 0x0000000100000000)
  region size 1024K, 3 young (3072K), 3 survivors (3072K)
 Metaspace       used 19055K, capacity 19454K, committed 19712K, reserved 1067008K
  class space    used 2320K, capacity 2457K, committed 2560K, reserved 1048576K
}
Event: 4.480 GC heap before
{Heap before GC invocations=4 (full 0):
 garbage-first heap   total 129024K, used 25354K [0x0000000080000000, 0x0000000100000000)
  region size 1024K, 14 young (14336K), 3 survivors (3072K)
 Metaspace       used 20631K, capacity 21093K, committed 21248K, reserved 1067008K
  class space    used 2531K, capacity 2710K, committed 2816K, reserved 1048576K
}
Event: 4.486 GC heap after
{Heap after GC invocations=5 (full 0):
 garbage-first heap   total 129024K, used 16433K [0x0000000080000000, 0x0000000100000000)
  region size 1024K, 4 young (4096K), 4 survivors (4096K)
 Metaspace       used 20631K, capacity 21093K, committed 21248K, reserved 1067008K
  class space    used 2531K, capacity 2710K, committed 2816K, reserved 1048576K
}
Event: 6.223 GC heap before
{Heap before GC invocations=6 (full 0):
 garbage-first heap   total 129024K, used 62513K [0x0000000080000000, 0x0000000100000000)
  region size 1024K, 49 young (50176K), 4 survivors (4096K)
 Metaspace       used 25851K, capacity 26499K, committed 26752K, reserved 1073152K
  class space    used 3368K, capacity 3600K, committed 3712K, reserved 1048576K
}
Event: 6.233 GC heap after
{Heap after GC invocations=7 (full 0):
 garbage-first heap   total 129024K, used 18232K [0x0000000080000000, 0x0000000100000000)
  region size 1024K, 5 young (5120K), 5 survivors (5120K)
 Metaspace       used 25851K, capacity 26499K, committed 26752K, reserved 1073152K
  class space    used 3368K, capacity 3600K, committed 3712K, reserved 1048576K
}
Event: 9.336 GC heap before
{Heap before GC invocations=7 (full 0):
 garbage-first heap   total 129024K, used 71480K [0x0000000080000000, 0x0000000100000000)
  region size 1024K, 58 young (59392K), 5 survivors (5120K)
 Metaspace       used 35129K, capacity 35825K, committed 35840K, reserved 1081344K
  class space    used 4567K, capacity 4858K, committed 4864K, reserved 1048576K
}
Event: 9.349 GC heap after
{Heap after GC invocations=8 (full 0):
 garbage-first heap   total 129024K, used 21848K [0x0000000080000000, 0x0000000100000000)
  region size 1024K, 6 young (6144K), 6 survivors (6144K)
 Metaspace       used 35129K, capacity 35825K, committed 35840K, reserved 1081344K
  class space    used 4567K, capacity 4858K, committed 4864K, reserved 1048576K
}
Event: 13.834 GC heap before
{Heap before GC invocations=9 (full 0):
 garbage-first heap   total 129024K, used 81240K [0x0000000080000000, 0x0000000100000000)
  region size 1024K, 61 young (62464K), 6 survivors (6144K)
 Metaspace       used 40894K, capacity 41783K, committed 41984K, reserved 1085440K
  class space    used 5226K, capacity 5536K, committed 5632K, reserved 1048576K
}
Event: 13.844 GC heap after
{Heap after GC invocations=10 (full 0):
 garbage-first heap   total 129024K, used 24775K [0x0000000080000000, 0x0000000100000000)
  region size 1024K, 7 young (7168K), 7 survivors (7168K)
 Metaspace       used 40894K, capacity 41783K, committed 41984K, reserved 1085440K
  class space    used 5226K, capacity 5536K, committed 5632K, reserved 1048576K
}
Event: 20.040 GC heap before
{Heap before GC invocations=10 (full 0):
 garbage-first heap   total 129024K, used 69831K [0x0000000080000000, 0x0000000100000000)
  region size 1024K, 52 young (53248K), 7 survivors (7168K)
 Metaspace       used 44713K, capacity 45723K, committed 45824K, reserved 1095680K
  class space    used 5724K, capacity 6104K, committed 6144K, reserved 1048576K
}
Event: 20.084 GC heap after
{Heap after GC invocations=11 (full 0):
 garbage-first heap   total 129024K, used 27130K [0x0000000080000000, 0x0000000100000000)
  region size 1024K, 6 young (6144K), 6 survivors (6144K)
 Metaspace       used 44713K, capacity 45723K, committed 45824K, reserved 1095680K
  class space    used 5724K, capacity 6104K, committed 6144K, reserved 1048576K
}

